2012-10-25 21:55:45,665 - SimpleLog4JLogSystem initialized using logfile 'velocity.log'
2012-10-25 21:55:45,666 - ************************************************************** 
2012-10-25 21:55:45,667 - Starting Jakarta Velocity v1.4
2012-10-25 21:55:45,667 - RuntimeInstance initializing.
2012-10-25 21:55:45,667 - Default Properties File: org/apache/velocity/runtime/defaults/velocity.properties
2012-10-25 21:55:45,667 - Trying to use logger class org.apache.velocity.runtime.log.SimpleLog4JLogSystem
2012-10-25 21:55:45,667 - Using logger class org.apache.velocity.runtime.log.SimpleLog4JLogSystem
2012-10-25 21:55:45,671 - Default ResourceManager initializing. (class org.apache.velocity.runtime.resource.ResourceManagerImpl)
2012-10-25 21:55:45,675 - Resource Loader Instantiated: org.apache.velocity.runtime.resource.loader.ClasspathResourceLoader
2012-10-25 21:55:45,675 - ClasspathResourceLoader : initialization starting.
2012-10-25 21:55:45,675 - ClasspathResourceLoader : initialization complete.
2012-10-25 21:55:45,681 - ResourceCache : initialized. (class org.apache.velocity.runtime.resource.ResourceCacheImpl)
2012-10-25 21:55:45,681 - Default ResourceManager initialization complete.
2012-10-25 21:55:45,683 - Loaded System Directive: org.apache.velocity.runtime.directive.Literal
2012-10-25 21:55:45,685 - Loaded System Directive: org.apache.velocity.runtime.directive.Macro
2012-10-25 21:55:45,688 - Loaded System Directive: org.apache.velocity.runtime.directive.Parse
2012-10-25 21:55:45,690 - Loaded System Directive: org.apache.velocity.runtime.directive.Include
2012-10-25 21:55:45,691 - Loaded System Directive: org.apache.velocity.runtime.directive.Foreach
2012-10-25 21:55:45,732 - Created: 20 parsers.
2012-10-25 21:55:45,742 - Velocimacro : initialization starting.
2012-10-25 21:55:45,742 - Velocimacro : adding VMs from VM library template : VM_global_library.vm
2012-10-25 21:55:45,746 - ResourceManager : unable to find resource 'VM_global_library.vm' in any resource loader.
2012-10-25 21:55:45,746 - Velocimacro : error using  VM library template VM_global_library.vm : org.apache.velocity.exception.ResourceNotFoundException: Unable to find resource 'VM_global_library.vm'
2012-10-25 21:55:45,746 - Velocimacro :  VM library template macro registration complete.
2012-10-25 21:55:45,746 - Velocimacro : allowInline = true : VMs can be defined inline in templates
2012-10-25 21:55:45,746 - Velocimacro : allowInlineToOverride = false : VMs defined inline may NOT replace previous VM definitions
2012-10-25 21:55:45,746 - Velocimacro : allowInlineLocal = false : VMs defined inline will be  global in scope if allowed.
2012-10-25 21:55:45,747 - Velocimacro : messages on  : VM system will output logging messages
2012-10-25 21:55:45,747 - Velocimacro : autoload off  : VM system will not automatically reload global library macros
2012-10-25 21:55:45,747 - Velocimacro : initialization complete.
2012-10-25 21:55:45,747 - Velocity successfully started.
2012-10-25 21:56:06,620 - ResourceManager : found repast/simphony/scenario/Scenario.vt with loader org.apache.velocity.runtime.resource.loader.ClasspathResourceLoader
2012-10-25 21:56:06,674 - ResourceManager : found repast/simphony/parameter/parameters.vt with loader org.apache.velocity.runtime.resource.loader.ClasspathResourceLoader
